
*** Imported 5 new test cases from: aflOut/default/queue

[+] AFL test case: id:000000,time:0,execs:0,orig:seed_5 (0 / 5), cycle: 0
    lines......: 80.0% (16 of 20 lines)
    functions..: 75.0% (3 of 4 functions)

    Coverage diff (init) id:000000,time:0,execs:0,orig:seed_5
diff (init) -> id:000000,time:0,execs:0,orig:seed_5
New src file: /coroutines/main.cpp
  New 'function' coverage: _Z22resuming_on_new_threadRSt7jthread()
  New 'function' coverage: _ZZ20switch_to_new_threadRSt7jthreadEN9awaitable13await_suspendENSt7__n486116coroutine_handleIvEE()
  New 'function' coverage: main()
  New 'line' coverage: 15
  New 'line' coverage: 17
  New 'line' coverage: 18
  New 'line' coverage: 19
  New 'line' coverage: 21
  New 'line' coverage: 24
  New 'line' coverage: 25
  New 'line' coverage: 37
  New 'line' coverage: 38
  New 'line' coverage: 39
  New 'line' coverage: 54
  New 'line' coverage: 60
  New 'line' coverage: 62
  New 'line' coverage: 64
  New 'line' coverage: 65
  New 'line' coverage: 66



++++++ BEGIN - first exec output for CMD: ./coroutine_example
    get_return_object
    initial_suspend
    Coroutine started on thread: 139729927074752
    await_ready
    await_suspend
    New thread ID: 139729927059008
    await_resume
    Coroutine resumed on thread: 139729927059008
    final_suspend
++++++ END

[+] AFL test case: id:000001,time:0,execs:0,orig:seed_4 (1 / 5), cycle: 0
    lines......: 80.0% (16 of 20 lines)
    functions..: 75.0% (3 of 4 functions)
[+] AFL test case: id:000002,time:0,execs:0,orig:seed_3 (2 / 5), cycle: 0
    lines......: 80.0% (16 of 20 lines)
    functions..: 75.0% (3 of 4 functions)
[+] AFL test case: id:000003,time:0,execs:0,orig:seed_2 (3 / 5), cycle: 0
    lines......: 80.0% (16 of 20 lines)
    functions..: 75.0% (3 of 4 functions)
[+] AFL test case: id:000004,time:0,execs:0,orig:seed_1 (4 / 5), cycle: 0
    lines......: 80.0% (16 of 20 lines)
    functions..: 75.0% (3 of 4 functions)
[+] Processed 5 / 5 test cases.

[+] Final zero coverage report: aflOut/cov/zero-cov
[+] Final positive coverage report: aflOut/cov/pos-cov
    lines......: 80.0% (16 of 20 lines)
    functions..: 75.0% (3 of 4 functions)
[+] Final lcov web report: aflOut/cov/web/index.html
